{"/home/sonu/Documents/HVA_Hackathon_BookMyShow/config/testDb.js": {"path":"/home/sonu/Documents/HVA_Hackathon_BookMyShow/config/testDb.js","statementMap":{"0":{"start":{"line":1,"column":17},"end":{"line":1,"column":36}},"1":{"start":{"line":2,"column":30},"end":{"line":2,"column":62}},"2":{"start":{"line":9,"column":13},"end":{"line":13,"column":1}},"3":{"start":{"line":16,"column":16},"end":{"line":28,"column":1}},"4":{"start":{"line":18,"column":2},"end":{"line":18,"column":30}},"5":{"start":{"line":20,"column":2},"end":{"line":20,"column":49}},"6":{"start":{"line":22,"column":19},"end":{"line":22,"column":45}},"7":{"start":{"line":23,"column":2},"end":{"line":27,"column":5}},"8":{"start":{"line":24,"column":4},"end":{"line":26,"column":5}},"9":{"start":{"line":25,"column":6},"end":{"line":25,"column":25}},"10":{"start":{"line":31,"column":14},"end":{"line":34,"column":1}},"11":{"start":{"line":32,"column":2},"end":{"line":32,"column":30}},"12":{"start":{"line":33,"column":2},"end":{"line":33,"column":27}},"13":{"start":{"line":37,"column":14},"end":{"line":43,"column":1}},"14":{"start":{"line":38,"column":22},"end":{"line":38,"column":53}},"15":{"start":{"line":40,"column":2},"end":{"line":42,"column":3}},"16":{"start":{"line":41,"column":4},"end":{"line":41,"column":40}},"17":{"start":{"line":45,"column":0},"end":{"line":49,"column":2}}},"fnMap":{"0":{"name":"(anonymous_0)","decl":{"start":{"line":16,"column":16},"end":{"line":16,"column":17}},"loc":{"start":{"line":16,"column":28},"end":{"line":28,"column":1}},"line":16},"1":{"name":"(anonymous_1)","decl":{"start":{"line":23,"column":41},"end":{"line":23,"column":42}},"loc":{"start":{"line":23,"column":48},"end":{"line":27,"column":3}},"line":23},"2":{"name":"(anonymous_2)","decl":{"start":{"line":31,"column":14},"end":{"line":31,"column":15}},"loc":{"start":{"line":31,"column":26},"end":{"line":34,"column":1}},"line":31},"3":{"name":"(anonymous_3)","decl":{"start":{"line":37,"column":14},"end":{"line":37,"column":15}},"loc":{"start":{"line":37,"column":26},"end":{"line":43,"column":1}},"line":37}},"branchMap":{"0":{"loc":{"start":{"line":24,"column":4},"end":{"line":26,"column":5}},"type":"if","locations":[{"start":{"line":24,"column":4},"end":{"line":26,"column":5}},{"start":{"line":24,"column":4},"end":{"line":26,"column":5}}],"line":24}},"s":{"0":1,"1":1,"2":1,"3":1,"4":1,"5":1,"6":1,"7":1,"8":1,"9":0,"10":1,"11":1,"12":1,"13":1,"14":0,"15":0,"16":0,"17":1},"f":{"0":1,"1":1,"2":1,"3":0},"b":{"0":[0,1]},"_coverageSchema":"1a1c01bbd47fc00a2c39e90264f33305004495a9","hash":"7e8b063feb7a0b15e692630e49093bafa73c3ad8"}
,"/home/sonu/Documents/HVA_Hackathon_BookMyShow/controllers/addmovie.js": {"path":"/home/sonu/Documents/HVA_Hackathon_BookMyShow/controllers/addmovie.js","statementMap":{"0":{"start":{"line":1,"column":29},"end":{"line":1,"column":57}},"1":{"start":{"line":2,"column":19},"end":{"line":2,"column":46}},"2":{"start":{"line":4,"column":18},"end":{"line":7,"column":1}},"3":{"start":{"line":5,"column":18},"end":{"line":5,"column":68}},"4":{"start":{"line":6,"column":4},"end":{"line":6,"column":17}},"5":{"start":{"line":9,"column":17},"end":{"line":56,"column":1}},"6":{"start":{"line":11,"column":19},"end":{"line":11,"column":40}},"7":{"start":{"line":12,"column":4},"end":{"line":17,"column":5}},"8":{"start":{"line":13,"column":8},"end":{"line":16,"column":11}},"9":{"start":{"line":29,"column":8},"end":{"line":29,"column":16}},"10":{"start":{"line":32,"column":16},"end":{"line":32,"column":42}},"11":{"start":{"line":33,"column":4},"end":{"line":38,"column":5}},"12":{"start":{"line":34,"column":8},"end":{"line":37,"column":11}},"13":{"start":{"line":40,"column":4},"end":{"line":50,"column":7}},"14":{"start":{"line":52,"column":4},"end":{"line":52,"column":23}},"15":{"start":{"line":54,"column":4},"end":{"line":54,"column":64}},"16":{"start":{"line":58,"column":0},"end":{"line":58,"column":30}}},"fnMap":{"0":{"name":"(anonymous_0)","decl":{"start":{"line":4,"column":18},"end":{"line":4,"column":19}},"loc":{"start":{"line":4,"column":38},"end":{"line":7,"column":1}},"line":4},"1":{"name":"(anonymous_1)","decl":{"start":{"line":9,"column":17},"end":{"line":9,"column":18}},"loc":{"start":{"line":9,"column":42},"end":{"line":56,"column":1}},"line":9}},"branchMap":{"0":{"loc":{"start":{"line":12,"column":4},"end":{"line":17,"column":5}},"type":"if","locations":[{"start":{"line":12,"column":4},"end":{"line":17,"column":5}},{"start":{"line":12,"column":4},"end":{"line":17,"column":5}}],"line":12},"1":{"loc":{"start":{"line":33,"column":4},"end":{"line":38,"column":5}},"type":"if","locations":[{"start":{"line":33,"column":4},"end":{"line":38,"column":5}},{"start":{"line":33,"column":4},"end":{"line":38,"column":5}}],"line":33}},"s":{"0":1,"1":1,"2":1,"3":2,"4":2,"5":1,"6":3,"7":3,"8":1,"9":2,"10":2,"11":2,"12":1,"13":1,"14":1,"15":1,"16":1},"f":{"0":2,"1":3},"b":{"0":[1,2],"1":[1,1]},"_coverageSchema":"1a1c01bbd47fc00a2c39e90264f33305004495a9","hash":"41c84f203a0cc83b3d4c79846d9bc7e003b1bc99"}
,"/home/sonu/Documents/HVA_Hackathon_BookMyShow/controllers/admin-login.js": {"path":"/home/sonu/Documents/HVA_Hackathon_BookMyShow/controllers/admin-login.js","statementMap":{"0":{"start":{"line":1,"column":15},"end":{"line":1,"column":34}},"1":{"start":{"line":2,"column":29},"end":{"line":2,"column":57}},"2":{"start":{"line":3,"column":12},"end":{"line":3,"column":35}},"3":{"start":{"line":4,"column":15},"end":{"line":4,"column":32}},"4":{"start":{"line":5,"column":13},"end":{"line":5,"column":39}},"5":{"start":{"line":7,"column":26},"end":{"line":13,"column":1}},"6":{"start":{"line":12,"column":4},"end":{"line":12,"column":52}},"7":{"start":{"line":15,"column":19},"end":{"line":53,"column":1}},"8":{"start":{"line":16,"column":19},"end":{"line":16,"column":40}},"9":{"start":{"line":17,"column":4},"end":{"line":22,"column":5}},"10":{"start":{"line":18,"column":8},"end":{"line":21,"column":11}},"11":{"start":{"line":23,"column":32},"end":{"line":23,"column":40}},"12":{"start":{"line":25,"column":15},"end":{"line":25,"column":44}},"13":{"start":{"line":26,"column":4},"end":{"line":37,"column":5}},"14":{"start":{"line":27,"column":8},"end":{"line":30,"column":11}},"15":{"start":{"line":31,"column":11},"end":{"line":37,"column":5}},"16":{"start":{"line":33,"column":8},"end":{"line":36,"column":11}},"17":{"start":{"line":38,"column":20},"end":{"line":38,"column":65}},"18":{"start":{"line":39,"column":4},"end":{"line":44,"column":5}},"19":{"start":{"line":40,"column":8},"end":{"line":43,"column":11}},"20":{"start":{"line":45,"column":20},"end":{"line":50,"column":5}},"21":{"start":{"line":51,"column":18},"end":{"line":51,"column":44}},"22":{"start":{"line":52,"column":4},"end":{"line":52,"column":43}},"23":{"start":{"line":55,"column":0},"end":{"line":55,"column":32}}},"fnMap":{"0":{"name":"(anonymous_0)","decl":{"start":{"line":7,"column":26},"end":{"line":7,"column":27}},"loc":{"start":{"line":11,"column":2},"end":{"line":13,"column":1}},"line":11},"1":{"name":"(anonymous_1)","decl":{"start":{"line":15,"column":19},"end":{"line":15,"column":20}},"loc":{"start":{"line":15,"column":44},"end":{"line":53,"column":1}},"line":15}},"branchMap":{"0":{"loc":{"start":{"line":9,"column":4},"end":{"line":9,"column":36}},"type":"default-arg","locations":[{"start":{"line":9,"column":13},"end":{"line":9,"column":36}}],"line":9},"1":{"loc":{"start":{"line":10,"column":4},"end":{"line":10,"column":22}},"type":"default-arg","locations":[{"start":{"line":10,"column":16},"end":{"line":10,"column":22}}],"line":10},"2":{"loc":{"start":{"line":17,"column":4},"end":{"line":22,"column":5}},"type":"if","locations":[{"start":{"line":17,"column":4},"end":{"line":22,"column":5}},{"start":{"line":17,"column":4},"end":{"line":22,"column":5}}],"line":17},"3":{"loc":{"start":{"line":26,"column":4},"end":{"line":37,"column":5}},"type":"if","locations":[{"start":{"line":26,"column":4},"end":{"line":37,"column":5}},{"start":{"line":26,"column":4},"end":{"line":37,"column":5}}],"line":26},"4":{"loc":{"start":{"line":31,"column":11},"end":{"line":37,"column":5}},"type":"if","locations":[{"start":{"line":31,"column":11},"end":{"line":37,"column":5}},{"start":{"line":31,"column":11},"end":{"line":37,"column":5}}],"line":31},"5":{"loc":{"start":{"line":39,"column":4},"end":{"line":44,"column":5}},"type":"if","locations":[{"start":{"line":39,"column":4},"end":{"line":44,"column":5}},{"start":{"line":39,"column":4},"end":{"line":44,"column":5}}],"line":39}},"s":{"0":1,"1":1,"2":1,"3":1,"4":1,"5":1,"6":1,"7":1,"8":5,"9":5,"10":1,"11":4,"12":4,"13":4,"14":1,"15":3,"16":2,"17":1,"18":1,"19":0,"20":1,"21":1,"22":1,"23":1},"f":{"0":1,"1":5},"b":{"0":[1],"1":[1],"2":[1,4],"3":[1,3],"4":[2,1],"5":[0,1]},"_coverageSchema":"1a1c01bbd47fc00a2c39e90264f33305004495a9","hash":"fb6af9724e8f1a3a830ab2bb2064a61930797f2f"}
,"/home/sonu/Documents/HVA_Hackathon_BookMyShow/controllers/users.js": {"path":"/home/sonu/Documents/HVA_Hackathon_BookMyShow/controllers/users.js","statementMap":{"0":{"start":{"line":1,"column":15},"end":{"line":1,"column":34}},"1":{"start":{"line":2,"column":29},"end":{"line":2,"column":57}},"2":{"start":{"line":3,"column":12},"end":{"line":3,"column":35}},"3":{"start":{"line":4,"column":15},"end":{"line":4,"column":32}},"4":{"start":{"line":5,"column":13},"end":{"line":5,"column":39}},"5":{"start":{"line":7,"column":26},"end":{"line":13,"column":1}},"6":{"start":{"line":12,"column":4},"end":{"line":12,"column":52}},"7":{"start":{"line":15,"column":19},"end":{"line":60,"column":1}},"8":{"start":{"line":17,"column":19},"end":{"line":17,"column":40}},"9":{"start":{"line":18,"column":4},"end":{"line":23,"column":5}},"10":{"start":{"line":19,"column":8},"end":{"line":22,"column":11}},"11":{"start":{"line":25,"column":47},"end":{"line":25,"column":55}},"12":{"start":{"line":28,"column":15},"end":{"line":28,"column":44}},"13":{"start":{"line":30,"column":4},"end":{"line":35,"column":5}},"14":{"start":{"line":31,"column":8},"end":{"line":34,"column":11}},"15":{"start":{"line":37,"column":4},"end":{"line":42,"column":7}},"16":{"start":{"line":44,"column":17},"end":{"line":44,"column":41}},"17":{"start":{"line":46,"column":4},"end":{"line":46,"column":54}},"18":{"start":{"line":48,"column":4},"end":{"line":48,"column":22}},"19":{"start":{"line":51,"column":20},"end":{"line":56,"column":5}},"20":{"start":{"line":58,"column":18},"end":{"line":58,"column":44}},"21":{"start":{"line":59,"column":4},"end":{"line":59,"column":43}},"22":{"start":{"line":63,"column":18},"end":{"line":102,"column":1}},"23":{"start":{"line":64,"column":19},"end":{"line":64,"column":40}},"24":{"start":{"line":65,"column":4},"end":{"line":70,"column":5}},"25":{"start":{"line":66,"column":8},"end":{"line":69,"column":11}},"26":{"start":{"line":72,"column":32},"end":{"line":72,"column":40}},"27":{"start":{"line":74,"column":15},"end":{"line":74,"column":44}},"28":{"start":{"line":76,"column":4},"end":{"line":81,"column":5}},"29":{"start":{"line":77,"column":8},"end":{"line":80,"column":11}},"30":{"start":{"line":83,"column":20},"end":{"line":83,"column":65}},"31":{"start":{"line":85,"column":4},"end":{"line":90,"column":5}},"32":{"start":{"line":86,"column":8},"end":{"line":89,"column":11}},"33":{"start":{"line":92,"column":20},"end":{"line":97,"column":5}},"34":{"start":{"line":99,"column":18},"end":{"line":99,"column":44}},"35":{"start":{"line":100,"column":4},"end":{"line":100,"column":36}},"36":{"start":{"line":104,"column":0},"end":{"line":104,"column":43}}},"fnMap":{"0":{"name":"(anonymous_0)","decl":{"start":{"line":7,"column":26},"end":{"line":7,"column":27}},"loc":{"start":{"line":11,"column":2},"end":{"line":13,"column":1}},"line":11},"1":{"name":"(anonymous_1)","decl":{"start":{"line":15,"column":19},"end":{"line":15,"column":20}},"loc":{"start":{"line":15,"column":44},"end":{"line":60,"column":1}},"line":15},"2":{"name":"(anonymous_2)","decl":{"start":{"line":63,"column":18},"end":{"line":63,"column":19}},"loc":{"start":{"line":63,"column":43},"end":{"line":102,"column":1}},"line":63}},"branchMap":{"0":{"loc":{"start":{"line":9,"column":4},"end":{"line":9,"column":36}},"type":"default-arg","locations":[{"start":{"line":9,"column":13},"end":{"line":9,"column":36}}],"line":9},"1":{"loc":{"start":{"line":10,"column":4},"end":{"line":10,"column":22}},"type":"default-arg","locations":[{"start":{"line":10,"column":16},"end":{"line":10,"column":22}}],"line":10},"2":{"loc":{"start":{"line":18,"column":4},"end":{"line":23,"column":5}},"type":"if","locations":[{"start":{"line":18,"column":4},"end":{"line":23,"column":5}},{"start":{"line":18,"column":4},"end":{"line":23,"column":5}}],"line":18},"3":{"loc":{"start":{"line":30,"column":4},"end":{"line":35,"column":5}},"type":"if","locations":[{"start":{"line":30,"column":4},"end":{"line":35,"column":5}},{"start":{"line":30,"column":4},"end":{"line":35,"column":5}}],"line":30},"4":{"loc":{"start":{"line":65,"column":4},"end":{"line":70,"column":5}},"type":"if","locations":[{"start":{"line":65,"column":4},"end":{"line":70,"column":5}},{"start":{"line":65,"column":4},"end":{"line":70,"column":5}}],"line":65},"5":{"loc":{"start":{"line":76,"column":4},"end":{"line":81,"column":5}},"type":"if","locations":[{"start":{"line":76,"column":4},"end":{"line":81,"column":5}},{"start":{"line":76,"column":4},"end":{"line":81,"column":5}}],"line":76},"6":{"loc":{"start":{"line":85,"column":4},"end":{"line":90,"column":5}},"type":"if","locations":[{"start":{"line":85,"column":4},"end":{"line":90,"column":5}},{"start":{"line":85,"column":4},"end":{"line":90,"column":5}}],"line":85}},"s":{"0":1,"1":1,"2":1,"3":1,"4":1,"5":1,"6":3,"7":1,"8":5,"9":5,"10":2,"11":3,"12":3,"13":3,"14":1,"15":2,"16":2,"17":2,"18":2,"19":2,"20":2,"21":2,"22":1,"23":2,"24":2,"25":0,"26":2,"27":2,"28":2,"29":1,"30":1,"31":1,"32":0,"33":1,"34":1,"35":1,"36":1},"f":{"0":3,"1":5,"2":2},"b":{"0":[3],"1":[3],"2":[2,3],"3":[1,2],"4":[0,2],"5":[1,1],"6":[0,1]},"_coverageSchema":"1a1c01bbd47fc00a2c39e90264f33305004495a9","hash":"5e98a9953573b32efa2a6decfcefb6925195158b"}
,"/home/sonu/Documents/HVA_Hackathon_BookMyShow/middleware/auth.js": {"path":"/home/sonu/Documents/HVA_Hackathon_BookMyShow/middleware/auth.js","statementMap":{"0":{"start":{"line":1,"column":12},"end":{"line":1,"column":35}},"1":{"start":{"line":2,"column":15},"end":{"line":2,"column":32}},"2":{"start":{"line":4,"column":0},"end":{"line":22,"column":2}},"3":{"start":{"line":5,"column":18},"end":{"line":5,"column":44}},"4":{"start":{"line":8,"column":4},"end":{"line":10,"column":5}},"5":{"start":{"line":9,"column":8},"end":{"line":9,"column":65}},"6":{"start":{"line":13,"column":4},"end":{"line":21,"column":5}},"7":{"start":{"line":15,"column":24},"end":{"line":15,"column":66}},"8":{"start":{"line":16,"column":8},"end":{"line":16,"column":32}},"9":{"start":{"line":18,"column":8},"end":{"line":18,"column":15}},"10":{"start":{"line":20,"column":8},"end":{"line":20,"column":65}}},"fnMap":{"0":{"name":"(anonymous_0)","decl":{"start":{"line":4,"column":17},"end":{"line":4,"column":18}},"loc":{"start":{"line":4,"column":37},"end":{"line":22,"column":1}},"line":4}},"branchMap":{"0":{"loc":{"start":{"line":8,"column":4},"end":{"line":10,"column":5}},"type":"if","locations":[{"start":{"line":8,"column":4},"end":{"line":10,"column":5}},{"start":{"line":8,"column":4},"end":{"line":10,"column":5}}],"line":8}},"s":{"0":1,"1":1,"2":1,"3":3,"4":3,"5":1,"6":2,"7":2,"8":1,"9":1,"10":1},"f":{"0":3},"b":{"0":[1,2]},"_coverageSchema":"1a1c01bbd47fc00a2c39e90264f33305004495a9","hash":"55a0624a1a7d49bc284de1d2723f5424c4dd0915"}
,"/home/sonu/Documents/HVA_Hackathon_BookMyShow/middleware/isAdmin.js": {"path":"/home/sonu/Documents/HVA_Hackathon_BookMyShow/middleware/isAdmin.js","statementMap":{"0":{"start":{"line":1,"column":0},"end":{"line":9,"column":2}},"1":{"start":{"line":3,"column":20},"end":{"line":3,"column":36}},"2":{"start":{"line":4,"column":4},"end":{"line":7,"column":5}},"3":{"start":{"line":5,"column":20},"end":{"line":5,"column":73}},"4":{"start":{"line":6,"column":8},"end":{"line":6,"column":25}},"5":{"start":{"line":8,"column":4},"end":{"line":8,"column":11}}},"fnMap":{"0":{"name":"(anonymous_0)","decl":{"start":{"line":1,"column":17},"end":{"line":1,"column":18}},"loc":{"start":{"line":1,"column":37},"end":{"line":9,"column":1}},"line":1}},"branchMap":{"0":{"loc":{"start":{"line":4,"column":4},"end":{"line":7,"column":5}},"type":"if","locations":[{"start":{"line":4,"column":4},"end":{"line":7,"column":5}},{"start":{"line":4,"column":4},"end":{"line":7,"column":5}}],"line":4}},"s":{"0":1,"1":2,"2":2,"3":1,"4":1,"5":1},"f":{"0":2},"b":{"0":[1,1]},"_coverageSchema":"1a1c01bbd47fc00a2c39e90264f33305004495a9","hash":"9bd96260f6c2ea25e5aeb64290f44c5d3c2fecd5"}
,"/home/sonu/Documents/HVA_Hackathon_BookMyShow/models/Movies.js": {"path":"/home/sonu/Documents/HVA_Hackathon_BookMyShow/models/Movies.js","statementMap":{"0":{"start":{"line":1,"column":17},"end":{"line":1,"column":36}},"1":{"start":{"line":2,"column":20},"end":{"line":49,"column":2}},"2":{"start":{"line":51,"column":15},"end":{"line":51,"column":51}},"3":{"start":{"line":53,"column":0},"end":{"line":53,"column":24}}},"fnMap":{},"branchMap":{},"s":{"0":1,"1":1,"2":1,"3":1},"f":{},"b":{},"_coverageSchema":"1a1c01bbd47fc00a2c39e90264f33305004495a9","hash":"b474429d4665fe29236b18e4577d222205e0c126"}
,"/home/sonu/Documents/HVA_Hackathon_BookMyShow/models/Users.js": {"path":"/home/sonu/Documents/HVA_Hackathon_BookMyShow/models/Users.js","statementMap":{"0":{"start":{"line":1,"column":17},"end":{"line":1,"column":36}},"1":{"start":{"line":2,"column":19},"end":{"line":25,"column":2}},"2":{"start":{"line":27,"column":14},"end":{"line":27,"column":48}},"3":{"start":{"line":28,"column":0},"end":{"line":28,"column":23}}},"fnMap":{},"branchMap":{},"s":{"0":1,"1":1,"2":1,"3":1},"f":{},"b":{},"_coverageSchema":"1a1c01bbd47fc00a2c39e90264f33305004495a9","hash":"dd74cdf76ea49c894d23f940893516730ba9e3ef"}
,"/home/sonu/Documents/HVA_Hackathon_BookMyShow/tests/demo.js": {"path":"/home/sonu/Documents/HVA_Hackathon_BookMyShow/tests/demo.js","statementMap":{"0":{"start":{"line":2,"column":4},"end":{"line":2,"column":17}},"1":{"start":{"line":4,"column":2},"end":{"line":4,"column":23}}},"fnMap":{"0":{"name":"sum","decl":{"start":{"line":1,"column":9},"end":{"line":1,"column":12}},"loc":{"start":{"line":1,"column":19},"end":{"line":3,"column":3}},"line":1}},"branchMap":{},"s":{"0":1,"1":1},"f":{"0":1},"b":{},"_coverageSchema":"1a1c01bbd47fc00a2c39e90264f33305004495a9","hash":"7d4e1c9d13dcb2ac63d03385904ac3115d0122c0"}
,"/home/sonu/Documents/HVA_Hackathon_BookMyShow/tests/src/controller/addmovie.js": {"path":"/home/sonu/Documents/HVA_Hackathon_BookMyShow/tests/src/controller/addmovie.js","statementMap":{"0":{"start":{"line":1,"column":21},"end":{"line":1,"column":61}},"1":{"start":{"line":4,"column":21},"end":{"line":9,"column":1}},"2":{"start":{"line":5,"column":14},"end":{"line":5,"column":16}},"3":{"start":{"line":6,"column":2},"end":{"line":6,"column":46}},"4":{"start":{"line":7,"column":2},"end":{"line":7,"column":44}},"5":{"start":{"line":8,"column":2},"end":{"line":8,"column":13}},"6":{"start":{"line":11,"column":22},"end":{"line":87,"column":4}},"7":{"start":{"line":12,"column":2},"end":{"line":87,"column":4}},"8":{"start":{"line":13,"column":24},"end":{"line":52,"column":5}},"9":{"start":{"line":54,"column":4},"end":{"line":63,"column":7}},"10":{"start":{"line":55,"column":18},"end":{"line":55,"column":32}},"11":{"start":{"line":57,"column":16},"end":{"line":57,"column":34}},"12":{"start":{"line":58,"column":19},"end":{"line":58,"column":28}},"13":{"start":{"line":60,"column":6},"end":{"line":60,"column":36}},"14":{"start":{"line":61,"column":6},"end":{"line":61,"column":51}},"15":{"start":{"line":62,"column":6},"end":{"line":62,"column":44}},"16":{"start":{"line":65,"column":4},"end":{"line":73,"column":9}},"17":{"start":{"line":66,"column":20},"end":{"line":66,"column":34}},"18":{"start":{"line":68,"column":18},"end":{"line":68,"column":36}},"19":{"start":{"line":69,"column":21},"end":{"line":69,"column":30}},"20":{"start":{"line":71,"column":8},"end":{"line":71,"column":38}},"21":{"start":{"line":72,"column":6},"end":{"line":72,"column":103}},"22":{"start":{"line":75,"column":6},"end":{"line":86,"column":9}},"23":{"start":{"line":76,"column":20},"end":{"line":76,"column":34}},"24":{"start":{"line":77,"column":20},"end":{"line":79,"column":9}},"25":{"start":{"line":81,"column":21},"end":{"line":81,"column":30}},"26":{"start":{"line":83,"column":8},"end":{"line":83,"column":39}},"27":{"start":{"line":85,"column":6},"end":{"line":85,"column":52}},"28":{"start":{"line":89,"column":0},"end":{"line":89,"column":35}}},"fnMap":{"0":{"name":"(anonymous_0)","decl":{"start":{"line":4,"column":21},"end":{"line":4,"column":22}},"loc":{"start":{"line":4,"column":27},"end":{"line":9,"column":1}},"line":4},"1":{"name":"(anonymous_1)","decl":{"start":{"line":11,"column":22},"end":{"line":11,"column":23}},"loc":{"start":{"line":12,"column":2},"end":{"line":87,"column":4}},"line":12},"2":{"name":"(anonymous_2)","decl":{"start":{"line":12,"column":78},"end":{"line":12,"column":79}},"loc":{"start":{"line":12,"column":84},"end":{"line":87,"column":3}},"line":12},"3":{"name":"(anonymous_3)","decl":{"start":{"line":54,"column":67},"end":{"line":54,"column":68}},"loc":{"start":{"line":54,"column":79},"end":{"line":63,"column":5}},"line":54},"4":{"name":"(anonymous_4)","decl":{"start":{"line":65,"column":67},"end":{"line":65,"column":68}},"loc":{"start":{"line":65,"column":79},"end":{"line":73,"column":7}},"line":65},"5":{"name":"(anonymous_5)","decl":{"start":{"line":75,"column":85},"end":{"line":75,"column":86}},"loc":{"start":{"line":75,"column":97},"end":{"line":86,"column":7}},"line":75}},"branchMap":{},"s":{"0":1,"1":1,"2":3,"3":3,"4":3,"5":3,"6":1,"7":1,"8":1,"9":1,"10":1,"11":1,"12":1,"13":1,"14":1,"15":1,"16":1,"17":1,"18":1,"19":1,"20":1,"21":1,"22":1,"23":1,"24":1,"25":1,"26":1,"27":1,"28":1},"f":{"0":3,"1":1,"2":1,"3":1,"4":1,"5":1},"b":{},"_coverageSchema":"1a1c01bbd47fc00a2c39e90264f33305004495a9","hash":"5b5eebd2adb2e7f5e34b153e7e00fac36a446ce4"}
,"/home/sonu/Documents/HVA_Hackathon_BookMyShow/tests/src/controller/admin-login.js": {"path":"/home/sonu/Documents/HVA_Hackathon_BookMyShow/tests/src/controller/admin-login.js","statementMap":{"0":{"start":{"line":1,"column":23},"end":{"line":1,"column":66}},"1":{"start":{"line":3,"column":21},"end":{"line":8,"column":1}},"2":{"start":{"line":4,"column":14},"end":{"line":4,"column":16}},"3":{"start":{"line":5,"column":2},"end":{"line":5,"column":46}},"4":{"start":{"line":6,"column":2},"end":{"line":6,"column":44}},"5":{"start":{"line":7,"column":2},"end":{"line":7,"column":13}},"6":{"start":{"line":10,"column":24},"end":{"line":84,"column":4}},"7":{"start":{"line":11,"column":2},"end":{"line":84,"column":4}},"8":{"start":{"line":12,"column":4},"end":{"line":12,"column":21}},"9":{"start":{"line":14,"column":4},"end":{"line":26,"column":7}},"10":{"start":{"line":15,"column":16},"end":{"line":20,"column":7}},"11":{"start":{"line":21,"column":18},"end":{"line":21,"column":32}},"12":{"start":{"line":23,"column":6},"end":{"line":23,"column":32}},"13":{"start":{"line":24,"column":6},"end":{"line":24,"column":51}},"14":{"start":{"line":25,"column":6},"end":{"line":25,"column":42}},"15":{"start":{"line":28,"column":4},"end":{"line":41,"column":7}},"16":{"start":{"line":29,"column":16},"end":{"line":34,"column":7}},"17":{"start":{"line":35,"column":18},"end":{"line":35,"column":32}},"18":{"start":{"line":36,"column":19},"end":{"line":36,"column":28}},"19":{"start":{"line":38,"column":6},"end":{"line":38,"column":38}},"20":{"start":{"line":39,"column":6},"end":{"line":39,"column":52}},"21":{"start":{"line":43,"column":4},"end":{"line":55,"column":9}},"22":{"start":{"line":44,"column":18},"end":{"line":49,"column":9}},"23":{"start":{"line":50,"column":20},"end":{"line":50,"column":34}},"24":{"start":{"line":51,"column":21},"end":{"line":51,"column":30}},"25":{"start":{"line":53,"column":8},"end":{"line":53,"column":41}},"26":{"start":{"line":54,"column":8},"end":{"line":54,"column":90}},"27":{"start":{"line":57,"column":4},"end":{"line":69,"column":7}},"28":{"start":{"line":58,"column":16},"end":{"line":63,"column":7}},"29":{"start":{"line":64,"column":18},"end":{"line":64,"column":32}},"30":{"start":{"line":65,"column":19},"end":{"line":65,"column":28}},"31":{"start":{"line":67,"column":6},"end":{"line":67,"column":39}},"32":{"start":{"line":68,"column":6},"end":{"line":68,"column":88}},"33":{"start":{"line":71,"column":4},"end":{"line":82,"column":7}},"34":{"start":{"line":72,"column":18},"end":{"line":72,"column":32}},"35":{"start":{"line":73,"column":18},"end":{"line":77,"column":7}},"36":{"start":{"line":78,"column":19},"end":{"line":78,"column":28}},"37":{"start":{"line":80,"column":6},"end":{"line":80,"column":39}},"38":{"start":{"line":81,"column":6},"end":{"line":81,"column":52}},"39":{"start":{"line":86,"column":0},"end":{"line":86,"column":37}}},"fnMap":{"0":{"name":"(anonymous_0)","decl":{"start":{"line":3,"column":21},"end":{"line":3,"column":22}},"loc":{"start":{"line":3,"column":27},"end":{"line":8,"column":1}},"line":3},"1":{"name":"(anonymous_1)","decl":{"start":{"line":10,"column":24},"end":{"line":10,"column":25}},"loc":{"start":{"line":11,"column":2},"end":{"line":84,"column":4}},"line":11},"2":{"name":"(anonymous_2)","decl":{"start":{"line":11,"column":70},"end":{"line":11,"column":71}},"loc":{"start":{"line":11,"column":76},"end":{"line":84,"column":3}},"line":11},"3":{"name":"(anonymous_3)","decl":{"start":{"line":14,"column":85},"end":{"line":14,"column":86}},"loc":{"start":{"line":14,"column":97},"end":{"line":26,"column":5}},"line":14},"4":{"name":"(anonymous_4)","decl":{"start":{"line":28,"column":74},"end":{"line":28,"column":75}},"loc":{"start":{"line":28,"column":86},"end":{"line":41,"column":5}},"line":28},"5":{"name":"(anonymous_5)","decl":{"start":{"line":43,"column":75},"end":{"line":43,"column":76}},"loc":{"start":{"line":43,"column":87},"end":{"line":55,"column":7}},"line":43},"6":{"name":"(anonymous_6)","decl":{"start":{"line":57,"column":55},"end":{"line":57,"column":56}},"loc":{"start":{"line":57,"column":67},"end":{"line":69,"column":5}},"line":57},"7":{"name":"(anonymous_7)","decl":{"start":{"line":71,"column":83},"end":{"line":71,"column":84}},"loc":{"start":{"line":71,"column":95},"end":{"line":82,"column":5}},"line":71}},"branchMap":{},"s":{"0":1,"1":1,"2":5,"3":5,"4":5,"5":5,"6":1,"7":1,"8":1,"9":1,"10":1,"11":1,"12":1,"13":1,"14":1,"15":1,"16":1,"17":1,"18":1,"19":1,"20":1,"21":1,"22":1,"23":1,"24":1,"25":1,"26":1,"27":1,"28":1,"29":1,"30":1,"31":1,"32":1,"33":1,"34":1,"35":1,"36":1,"37":1,"38":1,"39":1},"f":{"0":5,"1":1,"2":1,"3":1,"4":1,"5":1,"6":1,"7":1},"b":{},"_coverageSchema":"1a1c01bbd47fc00a2c39e90264f33305004495a9","hash":"f90f16f296b530571409024c95a546f020d5008c"}
,"/home/sonu/Documents/HVA_Hackathon_BookMyShow/tests/src/controller/users.js": {"path":"/home/sonu/Documents/HVA_Hackathon_BookMyShow/tests/src/controller/users.js","statementMap":{"0":{"start":{"line":2,"column":16},"end":{"line":2,"column":34}},"1":{"start":{"line":4,"column":34},"end":{"line":4,"column":71}},"2":{"start":{"line":6,"column":21},"end":{"line":11,"column":1}},"3":{"start":{"line":7,"column":14},"end":{"line":7,"column":16}},"4":{"start":{"line":8,"column":2},"end":{"line":8,"column":46}},"5":{"start":{"line":9,"column":2},"end":{"line":9,"column":44}},"6":{"start":{"line":10,"column":2},"end":{"line":10,"column":13}},"7":{"start":{"line":13,"column":24},"end":{"line":78,"column":4}},"8":{"start":{"line":14,"column":2},"end":{"line":78,"column":4}},"9":{"start":{"line":15,"column":4},"end":{"line":15,"column":21}},"10":{"start":{"line":17,"column":4},"end":{"line":31,"column":7}},"11":{"start":{"line":18,"column":16},"end":{"line":25,"column":7}},"12":{"start":{"line":26,"column":18},"end":{"line":26,"column":32}},"13":{"start":{"line":28,"column":6},"end":{"line":28,"column":33}},"14":{"start":{"line":29,"column":6},"end":{"line":29,"column":51}},"15":{"start":{"line":30,"column":6},"end":{"line":30,"column":42}},"16":{"start":{"line":33,"column":4},"end":{"line":47,"column":7}},"17":{"start":{"line":34,"column":16},"end":{"line":41,"column":7}},"18":{"start":{"line":42,"column":18},"end":{"line":42,"column":32}},"19":{"start":{"line":44,"column":6},"end":{"line":44,"column":33}},"20":{"start":{"line":45,"column":6},"end":{"line":45,"column":51}},"21":{"start":{"line":46,"column":6},"end":{"line":46,"column":42}},"22":{"start":{"line":49,"column":4},"end":{"line":64,"column":7}},"23":{"start":{"line":50,"column":16},"end":{"line":57,"column":7}},"24":{"start":{"line":59,"column":19},"end":{"line":59,"column":28}},"25":{"start":{"line":60,"column":18},"end":{"line":60,"column":32}},"26":{"start":{"line":62,"column":6},"end":{"line":62,"column":38}},"27":{"start":{"line":63,"column":6},"end":{"line":63,"column":88}},"28":{"start":{"line":66,"column":4},"end":{"line":77,"column":7}},"29":{"start":{"line":67,"column":18},"end":{"line":67,"column":32}},"30":{"start":{"line":68,"column":18},"end":{"line":72,"column":7}},"31":{"start":{"line":73,"column":19},"end":{"line":73,"column":28}},"32":{"start":{"line":75,"column":6},"end":{"line":75,"column":39}},"33":{"start":{"line":76,"column":6},"end":{"line":76,"column":52}},"34":{"start":{"line":81,"column":23},"end":{"line":129,"column":4}},"35":{"start":{"line":82,"column":2},"end":{"line":129,"column":4}},"36":{"start":{"line":83,"column":4},"end":{"line":83,"column":21}},"37":{"start":{"line":85,"column":4},"end":{"line":98,"column":7}},"38":{"start":{"line":86,"column":16},"end":{"line":91,"column":7}},"39":{"start":{"line":92,"column":18},"end":{"line":92,"column":32}},"40":{"start":{"line":95,"column":6},"end":{"line":95,"column":32}},"41":{"start":{"line":96,"column":6},"end":{"line":96,"column":51}},"42":{"start":{"line":97,"column":6},"end":{"line":97,"column":42}},"43":{"start":{"line":100,"column":4},"end":{"line":113,"column":7}},"44":{"start":{"line":101,"column":16},"end":{"line":106,"column":7}},"45":{"start":{"line":107,"column":18},"end":{"line":107,"column":32}},"46":{"start":{"line":108,"column":19},"end":{"line":108,"column":28}},"47":{"start":{"line":110,"column":6},"end":{"line":110,"column":37}},"48":{"start":{"line":111,"column":6},"end":{"line":111,"column":52}},"49":{"start":{"line":115,"column":4},"end":{"line":128,"column":7}},"50":{"start":{"line":116,"column":18},"end":{"line":116,"column":32}},"51":{"start":{"line":117,"column":18},"end":{"line":121,"column":7}},"52":{"start":{"line":123,"column":19},"end":{"line":123,"column":28}},"53":{"start":{"line":125,"column":6},"end":{"line":125,"column":39}},"54":{"start":{"line":126,"column":6},"end":{"line":126,"column":52}},"55":{"start":{"line":131,"column":0},"end":{"line":131,"column":53}}},"fnMap":{"0":{"name":"(anonymous_0)","decl":{"start":{"line":6,"column":21},"end":{"line":6,"column":22}},"loc":{"start":{"line":6,"column":27},"end":{"line":11,"column":1}},"line":6},"1":{"name":"(anonymous_1)","decl":{"start":{"line":13,"column":24},"end":{"line":13,"column":25}},"loc":{"start":{"line":14,"column":2},"end":{"line":78,"column":4}},"line":14},"2":{"name":"(anonymous_2)","decl":{"start":{"line":14,"column":64},"end":{"line":14,"column":65}},"loc":{"start":{"line":14,"column":70},"end":{"line":78,"column":3}},"line":14},"3":{"name":"(anonymous_3)","decl":{"start":{"line":17,"column":38},"end":{"line":17,"column":39}},"loc":{"start":{"line":17,"column":50},"end":{"line":31,"column":5}},"line":17},"4":{"name":"(anonymous_4)","decl":{"start":{"line":33,"column":38},"end":{"line":33,"column":39}},"loc":{"start":{"line":33,"column":50},"end":{"line":47,"column":5}},"line":33},"5":{"name":"(anonymous_5)","decl":{"start":{"line":49,"column":52},"end":{"line":49,"column":53}},"loc":{"start":{"line":49,"column":64},"end":{"line":64,"column":5}},"line":49},"6":{"name":"(anonymous_6)","decl":{"start":{"line":66,"column":83},"end":{"line":66,"column":84}},"loc":{"start":{"line":66,"column":95},"end":{"line":77,"column":5}},"line":66},"7":{"name":"(anonymous_7)","decl":{"start":{"line":81,"column":23},"end":{"line":81,"column":24}},"loc":{"start":{"line":82,"column":2},"end":{"line":129,"column":4}},"line":82},"8":{"name":"(anonymous_8)","decl":{"start":{"line":82,"column":63},"end":{"line":82,"column":64}},"loc":{"start":{"line":82,"column":69},"end":{"line":129,"column":3}},"line":82},"9":{"name":"(anonymous_9)","decl":{"start":{"line":85,"column":61},"end":{"line":85,"column":62}},"loc":{"start":{"line":85,"column":73},"end":{"line":98,"column":5}},"line":85},"10":{"name":"(anonymous_10)","decl":{"start":{"line":100,"column":55},"end":{"line":100,"column":56}},"loc":{"start":{"line":100,"column":67},"end":{"line":113,"column":5}},"line":100},"11":{"name":"(anonymous_11)","decl":{"start":{"line":115,"column":83},"end":{"line":115,"column":84}},"loc":{"start":{"line":115,"column":95},"end":{"line":128,"column":5}},"line":115}},"branchMap":{},"s":{"0":1,"1":1,"2":1,"3":7,"4":7,"5":7,"6":7,"7":1,"8":1,"9":1,"10":1,"11":1,"12":1,"13":1,"14":1,"15":1,"16":1,"17":1,"18":1,"19":1,"20":1,"21":1,"22":1,"23":1,"24":1,"25":1,"26":1,"27":1,"28":1,"29":1,"30":1,"31":1,"32":1,"33":1,"34":1,"35":1,"36":1,"37":1,"38":1,"39":1,"40":1,"41":1,"42":1,"43":1,"44":1,"45":1,"46":1,"47":1,"48":1,"49":1,"50":1,"51":1,"52":1,"53":1,"54":1,"55":1},"f":{"0":7,"1":1,"2":1,"3":1,"4":1,"5":1,"6":1,"7":1,"8":1,"9":1,"10":1,"11":1},"b":{},"_coverageSchema":"1a1c01bbd47fc00a2c39e90264f33305004495a9","hash":"47c5d7c5680ac9c012c6750e35554d0c769afa4a"}
}
