{"/home/sonu/Documents/HVA_Hackathon_BookMyShow/config/testDb.js": {"path":"/home/sonu/Documents/HVA_Hackathon_BookMyShow/config/testDb.js","statementMap":{"0":{"start":{"line":1,"column":17},"end":{"line":1,"column":36}},"1":{"start":{"line":2,"column":30},"end":{"line":2,"column":62}},"2":{"start":{"line":9,"column":13},"end":{"line":12,"column":1}},"3":{"start":{"line":15,"column":16},"end":{"line":27,"column":1}},"4":{"start":{"line":17,"column":2},"end":{"line":17,"column":30}},"5":{"start":{"line":19,"column":2},"end":{"line":19,"column":49}},"6":{"start":{"line":21,"column":19},"end":{"line":21,"column":45}},"7":{"start":{"line":22,"column":2},"end":{"line":26,"column":5}},"8":{"start":{"line":23,"column":4},"end":{"line":25,"column":5}},"9":{"start":{"line":24,"column":6},"end":{"line":24,"column":25}},"10":{"start":{"line":30,"column":14},"end":{"line":33,"column":1}},"11":{"start":{"line":31,"column":2},"end":{"line":31,"column":30}},"12":{"start":{"line":32,"column":2},"end":{"line":32,"column":27}},"13":{"start":{"line":36,"column":14},"end":{"line":42,"column":1}},"14":{"start":{"line":37,"column":22},"end":{"line":37,"column":53}},"15":{"start":{"line":39,"column":2},"end":{"line":41,"column":3}},"16":{"start":{"line":40,"column":4},"end":{"line":40,"column":40}},"17":{"start":{"line":44,"column":0},"end":{"line":48,"column":2}}},"fnMap":{"0":{"name":"(anonymous_0)","decl":{"start":{"line":15,"column":16},"end":{"line":15,"column":17}},"loc":{"start":{"line":15,"column":28},"end":{"line":27,"column":1}},"line":15},"1":{"name":"(anonymous_1)","decl":{"start":{"line":22,"column":41},"end":{"line":22,"column":42}},"loc":{"start":{"line":22,"column":48},"end":{"line":26,"column":3}},"line":22},"2":{"name":"(anonymous_2)","decl":{"start":{"line":30,"column":14},"end":{"line":30,"column":15}},"loc":{"start":{"line":30,"column":26},"end":{"line":33,"column":1}},"line":30},"3":{"name":"(anonymous_3)","decl":{"start":{"line":36,"column":14},"end":{"line":36,"column":15}},"loc":{"start":{"line":36,"column":26},"end":{"line":42,"column":1}},"line":36}},"branchMap":{"0":{"loc":{"start":{"line":23,"column":4},"end":{"line":25,"column":5}},"type":"if","locations":[{"start":{"line":23,"column":4},"end":{"line":25,"column":5}},{"start":{"line":23,"column":4},"end":{"line":25,"column":5}}],"line":23}},"s":{"0":1,"1":1,"2":1,"3":1,"4":1,"5":1,"6":1,"7":1,"8":1,"9":0,"10":1,"11":0,"12":0,"13":1,"14":1,"15":1,"16":1,"17":1},"f":{"0":1,"1":1,"2":0,"3":1},"b":{"0":[0,1]},"_coverageSchema":"1a1c01bbd47fc00a2c39e90264f33305004495a9","hash":"1ee856ce177ed008c9aaf2e48ea6098a5ff43e8c"}
,"/home/sonu/Documents/HVA_Hackathon_BookMyShow/controllers/users.js": {"path":"/home/sonu/Documents/HVA_Hackathon_BookMyShow/controllers/users.js","statementMap":{"0":{"start":{"line":1,"column":15},"end":{"line":1,"column":34}},"1":{"start":{"line":2,"column":29},"end":{"line":2,"column":57}},"2":{"start":{"line":3,"column":12},"end":{"line":3,"column":35}},"3":{"start":{"line":4,"column":15},"end":{"line":4,"column":32}},"4":{"start":{"line":5,"column":13},"end":{"line":5,"column":39}},"5":{"start":{"line":7,"column":26},"end":{"line":13,"column":1}},"6":{"start":{"line":12,"column":4},"end":{"line":12,"column":52}},"7":{"start":{"line":15,"column":19},"end":{"line":57,"column":1}},"8":{"start":{"line":17,"column":19},"end":{"line":17,"column":40}},"9":{"start":{"line":18,"column":4},"end":{"line":20,"column":5}},"10":{"start":{"line":19,"column":8},"end":{"line":19,"column":64}},"11":{"start":{"line":22,"column":47},"end":{"line":22,"column":55}},"12":{"start":{"line":24,"column":4},"end":{"line":56,"column":5}},"13":{"start":{"line":25,"column":19},"end":{"line":25,"column":48}},"14":{"start":{"line":27,"column":8},"end":{"line":31,"column":9}},"15":{"start":{"line":28,"column":12},"end":{"line":30,"column":68}},"16":{"start":{"line":33,"column":8},"end":{"line":38,"column":11}},"17":{"start":{"line":40,"column":21},"end":{"line":40,"column":45}},"18":{"start":{"line":42,"column":8},"end":{"line":42,"column":58}},"19":{"start":{"line":44,"column":8},"end":{"line":44,"column":26}},"20":{"start":{"line":46,"column":24},"end":{"line":51,"column":9}},"21":{"start":{"line":52,"column":22},"end":{"line":52,"column":48}},"22":{"start":{"line":53,"column":8},"end":{"line":53,"column":40}},"23":{"start":{"line":55,"column":8},"end":{"line":55,"column":54}},"24":{"start":{"line":59,"column":18},"end":{"line":97,"column":1}},"25":{"start":{"line":60,"column":19},"end":{"line":60,"column":40}},"26":{"start":{"line":61,"column":4},"end":{"line":63,"column":5}},"27":{"start":{"line":62,"column":8},"end":{"line":62,"column":64}},"28":{"start":{"line":65,"column":32},"end":{"line":65,"column":40}},"29":{"start":{"line":67,"column":4},"end":{"line":96,"column":5}},"30":{"start":{"line":68,"column":19},"end":{"line":68,"column":48}},"31":{"start":{"line":70,"column":8},"end":{"line":74,"column":9}},"32":{"start":{"line":71,"column":12},"end":{"line":73,"column":68}},"33":{"start":{"line":76,"column":24},"end":{"line":76,"column":69}},"34":{"start":{"line":78,"column":8},"end":{"line":82,"column":9}},"35":{"start":{"line":79,"column":12},"end":{"line":81,"column":68}},"36":{"start":{"line":84,"column":24},"end":{"line":89,"column":9}},"37":{"start":{"line":91,"column":22},"end":{"line":91,"column":48}},"38":{"start":{"line":92,"column":8},"end":{"line":92,"column":40}},"39":{"start":{"line":94,"column":8},"end":{"line":94,"column":27}},"40":{"start":{"line":95,"column":8},"end":{"line":95,"column":54}},"41":{"start":{"line":99,"column":0},"end":{"line":99,"column":43}}},"fnMap":{"0":{"name":"(anonymous_0)","decl":{"start":{"line":7,"column":26},"end":{"line":7,"column":27}},"loc":{"start":{"line":11,"column":2},"end":{"line":13,"column":1}},"line":11},"1":{"name":"(anonymous_1)","decl":{"start":{"line":15,"column":19},"end":{"line":15,"column":20}},"loc":{"start":{"line":15,"column":39},"end":{"line":57,"column":1}},"line":15},"2":{"name":"(anonymous_2)","decl":{"start":{"line":59,"column":18},"end":{"line":59,"column":19}},"loc":{"start":{"line":59,"column":38},"end":{"line":97,"column":1}},"line":59}},"branchMap":{"0":{"loc":{"start":{"line":9,"column":4},"end":{"line":9,"column":36}},"type":"default-arg","locations":[{"start":{"line":9,"column":13},"end":{"line":9,"column":36}}],"line":9},"1":{"loc":{"start":{"line":10,"column":4},"end":{"line":10,"column":22}},"type":"default-arg","locations":[{"start":{"line":10,"column":16},"end":{"line":10,"column":22}}],"line":10},"2":{"loc":{"start":{"line":18,"column":4},"end":{"line":20,"column":5}},"type":"if","locations":[{"start":{"line":18,"column":4},"end":{"line":20,"column":5}},{"start":{"line":18,"column":4},"end":{"line":20,"column":5}}],"line":18},"3":{"loc":{"start":{"line":27,"column":8},"end":{"line":31,"column":9}},"type":"if","locations":[{"start":{"line":27,"column":8},"end":{"line":31,"column":9}},{"start":{"line":27,"column":8},"end":{"line":31,"column":9}}],"line":27},"4":{"loc":{"start":{"line":61,"column":4},"end":{"line":63,"column":5}},"type":"if","locations":[{"start":{"line":61,"column":4},"end":{"line":63,"column":5}},{"start":{"line":61,"column":4},"end":{"line":63,"column":5}}],"line":61},"5":{"loc":{"start":{"line":70,"column":8},"end":{"line":74,"column":9}},"type":"if","locations":[{"start":{"line":70,"column":8},"end":{"line":74,"column":9}},{"start":{"line":70,"column":8},"end":{"line":74,"column":9}}],"line":70},"6":{"loc":{"start":{"line":78,"column":8},"end":{"line":82,"column":9}},"type":"if","locations":[{"start":{"line":78,"column":8},"end":{"line":82,"column":9}},{"start":{"line":78,"column":8},"end":{"line":82,"column":9}}],"line":78}},"s":{"0":1,"1":1,"2":1,"3":1,"4":1,"5":1,"6":2,"7":1,"8":4,"9":4,"10":1,"11":3,"12":3,"13":3,"14":3,"15":1,"16":2,"17":2,"18":2,"19":2,"20":1,"21":1,"22":1,"23":1,"24":1,"25":1,"26":1,"27":0,"28":1,"29":1,"30":1,"31":1,"32":0,"33":1,"34":1,"35":0,"36":1,"37":1,"38":1,"39":0,"40":0,"41":1},"f":{"0":2,"1":4,"2":1},"b":{"0":[2],"1":[2],"2":[1,3],"3":[1,2],"4":[0,1],"5":[0,1],"6":[0,1]},"_coverageSchema":"1a1c01bbd47fc00a2c39e90264f33305004495a9","hash":"708dbd7a92a7cf6431c8d6ced6129afbb1b3accb"}
,"/home/sonu/Documents/HVA_Hackathon_BookMyShow/models/Users.js": {"path":"/home/sonu/Documents/HVA_Hackathon_BookMyShow/models/Users.js","statementMap":{"0":{"start":{"line":1,"column":17},"end":{"line":1,"column":36}},"1":{"start":{"line":2,"column":19},"end":{"line":25,"column":2}},"2":{"start":{"line":27,"column":14},"end":{"line":27,"column":48}},"3":{"start":{"line":29,"column":0},"end":{"line":29,"column":23}}},"fnMap":{},"branchMap":{},"s":{"0":1,"1":1,"2":1,"3":1},"f":{},"b":{},"_coverageSchema":"1a1c01bbd47fc00a2c39e90264f33305004495a9","hash":"33bb05c896a9ebc314126e985e04f1ef6eb9cd44"}
,"/home/sonu/Documents/HVA_Hackathon_BookMyShow/tests/demo.js": {"path":"/home/sonu/Documents/HVA_Hackathon_BookMyShow/tests/demo.js","statementMap":{"0":{"start":{"line":2,"column":4},"end":{"line":2,"column":17}},"1":{"start":{"line":4,"column":2},"end":{"line":4,"column":23}}},"fnMap":{"0":{"name":"sum","decl":{"start":{"line":1,"column":9},"end":{"line":1,"column":12}},"loc":{"start":{"line":1,"column":19},"end":{"line":3,"column":3}},"line":1}},"branchMap":{},"s":{"0":1,"1":1},"f":{"0":1},"b":{},"_coverageSchema":"1a1c01bbd47fc00a2c39e90264f33305004495a9","hash":"7d4e1c9d13dcb2ac63d03385904ac3115d0122c0"}
,"/home/sonu/Documents/HVA_Hackathon_BookMyShow/tests/src/controller/users.js": {"path":"/home/sonu/Documents/HVA_Hackathon_BookMyShow/tests/src/controller/users.js","statementMap":{"0":{"start":{"line":3,"column":34},"end":{"line":3,"column":71}},"1":{"start":{"line":6,"column":21},"end":{"line":13,"column":1}},"2":{"start":{"line":7,"column":16},"end":{"line":7,"column":18}},"3":{"start":{"line":8,"column":4},"end":{"line":8,"column":48}},"4":{"start":{"line":9,"column":4},"end":{"line":9,"column":46}},"5":{"start":{"line":10,"column":4},"end":{"line":10,"column":14}},"6":{"start":{"line":15,"column":24},"end":{"line":78,"column":2}},"7":{"start":{"line":15,"column":30},"end":{"line":78,"column":2}},"8":{"start":{"line":16,"column":4},"end":{"line":16,"column":20}},"9":{"start":{"line":18,"column":4},"end":{"line":32,"column":6}},"10":{"start":{"line":19,"column":18},"end":{"line":26,"column":9}},"11":{"start":{"line":27,"column":20},"end":{"line":27,"column":34}},"12":{"start":{"line":29,"column":8},"end":{"line":29,"column":33}},"13":{"start":{"line":30,"column":8},"end":{"line":30,"column":52}},"14":{"start":{"line":31,"column":8},"end":{"line":31,"column":43}},"15":{"start":{"line":34,"column":4},"end":{"line":48,"column":6}},"16":{"start":{"line":35,"column":18},"end":{"line":42,"column":9}},"17":{"start":{"line":43,"column":20},"end":{"line":43,"column":34}},"18":{"start":{"line":45,"column":8},"end":{"line":45,"column":33}},"19":{"start":{"line":46,"column":8},"end":{"line":46,"column":52}},"20":{"start":{"line":47,"column":8},"end":{"line":47,"column":43}},"21":{"start":{"line":50,"column":4},"end":{"line":59,"column":9}},"22":{"start":{"line":51,"column":20},"end":{"line":51,"column":34}},"23":{"start":{"line":52,"column":20},"end":{"line":54,"column":9}},"24":{"start":{"line":56,"column":8},"end":{"line":56,"column":35}},"25":{"start":{"line":57,"column":8},"end":{"line":57,"column":52}},"26":{"start":{"line":58,"column":8},"end":{"line":58,"column":43}},"27":{"start":{"line":61,"column":6},"end":{"line":75,"column":6}},"28":{"start":{"line":62,"column":18},"end":{"line":69,"column":9}},"29":{"start":{"line":70,"column":20},"end":{"line":70,"column":34}},"30":{"start":{"line":72,"column":8},"end":{"line":72,"column":33}},"31":{"start":{"line":73,"column":8},"end":{"line":73,"column":52}},"32":{"start":{"line":74,"column":8},"end":{"line":74,"column":43}},"33":{"start":{"line":81,"column":23},"end":{"line":98,"column":2}},"34":{"start":{"line":81,"column":29},"end":{"line":98,"column":2}},"35":{"start":{"line":82,"column":4},"end":{"line":82,"column":20}},"36":{"start":{"line":84,"column":4},"end":{"line":96,"column":6}},"37":{"start":{"line":85,"column":18},"end":{"line":90,"column":9}},"38":{"start":{"line":91,"column":20},"end":{"line":91,"column":34}},"39":{"start":{"line":93,"column":8},"end":{"line":93,"column":32}},"40":{"start":{"line":94,"column":8},"end":{"line":94,"column":52}},"41":{"start":{"line":95,"column":8},"end":{"line":95,"column":43}},"42":{"start":{"line":101,"column":0},"end":{"line":101,"column":52}}},"fnMap":{"0":{"name":"(anonymous_0)","decl":{"start":{"line":6,"column":21},"end":{"line":6,"column":22}},"loc":{"start":{"line":6,"column":27},"end":{"line":13,"column":1}},"line":6},"1":{"name":"(anonymous_1)","decl":{"start":{"line":15,"column":24},"end":{"line":15,"column":25}},"loc":{"start":{"line":15,"column":30},"end":{"line":78,"column":2}},"line":15},"2":{"name":"(anonymous_2)","decl":{"start":{"line":15,"column":91},"end":{"line":15,"column":92}},"loc":{"start":{"line":15,"column":95},"end":{"line":78,"column":1}},"line":15},"3":{"name":"(anonymous_3)","decl":{"start":{"line":18,"column":37},"end":{"line":18,"column":38}},"loc":{"start":{"line":18,"column":46},"end":{"line":32,"column":5}},"line":18},"4":{"name":"(anonymous_4)","decl":{"start":{"line":34,"column":51},"end":{"line":34,"column":52}},"loc":{"start":{"line":34,"column":60},"end":{"line":48,"column":5}},"line":34},"5":{"name":"(anonymous_5)","decl":{"start":{"line":50,"column":83},"end":{"line":50,"column":84}},"loc":{"start":{"line":50,"column":95},"end":{"line":59,"column":7}},"line":50},"6":{"name":"(anonymous_6)","decl":{"start":{"line":61,"column":95},"end":{"line":61,"column":96}},"loc":{"start":{"line":61,"column":104},"end":{"line":75,"column":5}},"line":61},"7":{"name":"(anonymous_7)","decl":{"start":{"line":81,"column":23},"end":{"line":81,"column":24}},"loc":{"start":{"line":81,"column":29},"end":{"line":98,"column":2}},"line":81},"8":{"name":"(anonymous_8)","decl":{"start":{"line":81,"column":89},"end":{"line":81,"column":90}},"loc":{"start":{"line":81,"column":93},"end":{"line":98,"column":1}},"line":81},"9":{"name":"(anonymous_9)","decl":{"start":{"line":84,"column":60},"end":{"line":84,"column":61}},"loc":{"start":{"line":84,"column":69},"end":{"line":96,"column":5}},"line":84}},"branchMap":{},"s":{"0":1,"1":1,"2":5,"3":5,"4":5,"5":5,"6":1,"7":1,"8":1,"9":1,"10":1,"11":1,"12":1,"13":1,"14":1,"15":1,"16":1,"17":1,"18":1,"19":1,"20":1,"21":1,"22":1,"23":1,"24":1,"25":1,"26":1,"27":1,"28":1,"29":1,"30":1,"31":1,"32":1,"33":1,"34":1,"35":1,"36":1,"37":1,"38":1,"39":1,"40":1,"41":1,"42":1},"f":{"0":5,"1":1,"2":1,"3":1,"4":1,"5":1,"6":1,"7":1,"8":1,"9":1},"b":{},"_coverageSchema":"1a1c01bbd47fc00a2c39e90264f33305004495a9","hash":"dd3a5372cc88ccbf51a999894cbef9b835ffaf18"}
}
