TN:
SF:config/testDb.js
FN:16,(anonymous_0)
FN:23,(anonymous_1)
FN:31,(anonymous_2)
FN:37,(anonymous_3)
FNF:4
FNH:3
FNDA:1,(anonymous_0)
FNDA:1,(anonymous_1)
FNDA:1,(anonymous_2)
FNDA:0,(anonymous_3)
DA:1,1
DA:2,1
DA:9,1
DA:16,1
DA:18,1
DA:20,1
DA:22,1
DA:23,1
DA:24,1
DA:25,0
DA:31,1
DA:32,1
DA:33,1
DA:37,1
DA:38,0
DA:40,0
DA:41,0
DA:45,1
LF:18
LH:14
BRDA:24,0,0,0
BRDA:24,0,1,1
BRF:2
BRH:1
end_of_record
TN:
SF:controllers/addmovie.js
FN:4,(anonymous_0)
FN:9,(anonymous_1)
FNF:2
FNH:2
FNDA:2,(anonymous_0)
FNDA:3,(anonymous_1)
DA:1,1
DA:2,1
DA:4,1
DA:5,2
DA:6,2
DA:9,1
DA:11,3
DA:12,3
DA:13,1
DA:29,2
DA:32,2
DA:33,2
DA:34,1
DA:40,1
DA:52,1
DA:54,1
DA:58,1
LF:17
LH:17
BRDA:12,0,0,1
BRDA:12,0,1,2
BRDA:33,1,0,1
BRDA:33,1,1,1
BRF:4
BRH:4
end_of_record
TN:
SF:controllers/admin-login.js
FN:7,(anonymous_0)
FN:15,(anonymous_1)
FNF:2
FNH:2
FNDA:1,(anonymous_0)
FNDA:5,(anonymous_1)
DA:1,1
DA:2,1
DA:3,1
DA:4,1
DA:5,1
DA:7,1
DA:12,1
DA:15,1
DA:16,5
DA:17,5
DA:18,1
DA:23,4
DA:25,4
DA:26,4
DA:27,1
DA:31,3
DA:33,2
DA:38,1
DA:39,1
DA:40,0
DA:45,1
DA:51,1
DA:52,1
DA:55,1
LF:24
LH:23
BRDA:9,0,0,1
BRDA:10,1,0,1
BRDA:17,2,0,1
BRDA:17,2,1,4
BRDA:26,3,0,1
BRDA:26,3,1,3
BRDA:31,4,0,2
BRDA:31,4,1,1
BRDA:39,5,0,0
BRDA:39,5,1,1
BRF:10
BRH:9
end_of_record
TN:
SF:controllers/users.js
FN:7,(anonymous_0)
FN:15,(anonymous_1)
FN:63,(anonymous_2)
FNF:3
FNH:3
FNDA:3,(anonymous_0)
FNDA:5,(anonymous_1)
FNDA:2,(anonymous_2)
DA:1,1
DA:2,1
DA:3,1
DA:4,1
DA:5,1
DA:7,1
DA:12,3
DA:15,1
DA:17,5
DA:18,5
DA:19,2
DA:25,3
DA:28,3
DA:30,3
DA:31,1
DA:37,2
DA:44,2
DA:46,2
DA:48,2
DA:51,2
DA:58,2
DA:59,2
DA:63,1
DA:64,2
DA:65,2
DA:66,0
DA:72,2
DA:74,2
DA:76,2
DA:77,1
DA:83,1
DA:85,1
DA:86,0
DA:92,1
DA:99,1
DA:100,1
DA:104,1
LF:37
LH:35
BRDA:9,0,0,3
BRDA:10,1,0,3
BRDA:18,2,0,2
BRDA:18,2,1,3
BRDA:30,3,0,1
BRDA:30,3,1,2
BRDA:65,4,0,0
BRDA:65,4,1,2
BRDA:76,5,0,1
BRDA:76,5,1,1
BRDA:85,6,0,0
BRDA:85,6,1,1
BRF:12
BRH:10
end_of_record
TN:
SF:middleware/auth.js
FN:4,(anonymous_0)
FNF:1
FNH:1
FNDA:3,(anonymous_0)
DA:1,1
DA:2,1
DA:4,1
DA:5,3
DA:6,3
DA:9,3
DA:10,1
DA:14,2
DA:16,2
DA:17,1
DA:19,1
DA:21,1
LF:12
LH:12
BRDA:9,0,0,1
BRDA:9,0,1,2
BRF:2
BRH:2
end_of_record
TN:
SF:middleware/isAdmin.js
FN:1,(anonymous_0)
FNF:1
FNH:1
FNDA:2,(anonymous_0)
DA:1,1
DA:3,2
DA:4,2
DA:5,1
DA:6,1
DA:8,1
LF:6
LH:6
BRDA:4,0,0,1
BRDA:4,0,1,1
BRF:2
BRH:2
end_of_record
TN:
SF:models/Movies.js
FNF:0
FNH:0
DA:1,1
DA:2,1
DA:51,1
DA:53,1
LF:4
LH:4
BRF:0
BRH:0
end_of_record
TN:
SF:models/Users.js
FNF:0
FNH:0
DA:1,1
DA:2,1
DA:27,1
DA:28,1
LF:4
LH:4
BRF:0
BRH:0
end_of_record
TN:
SF:tests/demo.js
FN:1,sum
FNF:1
FNH:1
FNDA:1,sum
DA:2,1
DA:4,1
LF:2
LH:2
BRF:0
BRH:0
end_of_record
TN:
SF:tests/src/controller/addmovie.js
FN:4,(anonymous_0)
FN:11,(anonymous_1)
FN:12,(anonymous_2)
FN:54,(anonymous_3)
FN:65,(anonymous_4)
FN:75,(anonymous_5)
FNF:6
FNH:6
FNDA:3,(anonymous_0)
FNDA:1,(anonymous_1)
FNDA:1,(anonymous_2)
FNDA:1,(anonymous_3)
FNDA:1,(anonymous_4)
FNDA:1,(anonymous_5)
DA:1,1
DA:4,1
DA:5,3
DA:6,3
DA:7,3
DA:8,3
DA:11,1
DA:12,1
DA:13,1
DA:54,1
DA:55,1
DA:57,1
DA:58,1
DA:60,1
DA:61,1
DA:62,1
DA:65,1
DA:66,1
DA:68,1
DA:69,1
DA:71,1
DA:72,1
DA:75,1
DA:76,1
DA:77,1
DA:81,1
DA:83,1
DA:85,1
DA:89,1
LF:29
LH:29
BRF:0
BRH:0
end_of_record
TN:
SF:tests/src/controller/admin-login.js
FN:3,(anonymous_0)
FN:10,(anonymous_1)
FN:11,(anonymous_2)
FN:14,(anonymous_3)
FN:28,(anonymous_4)
FN:43,(anonymous_5)
FN:57,(anonymous_6)
FN:71,(anonymous_7)
FNF:8
FNH:8
FNDA:5,(anonymous_0)
FNDA:1,(anonymous_1)
FNDA:1,(anonymous_2)
FNDA:1,(anonymous_3)
FNDA:1,(anonymous_4)
FNDA:1,(anonymous_5)
FNDA:1,(anonymous_6)
FNDA:1,(anonymous_7)
DA:1,1
DA:3,1
DA:4,5
DA:5,5
DA:6,5
DA:7,5
DA:10,1
DA:11,1
DA:12,1
DA:14,1
DA:15,1
DA:21,1
DA:23,1
DA:24,1
DA:25,1
DA:28,1
DA:29,1
DA:35,1
DA:36,1
DA:38,1
DA:39,1
DA:43,1
DA:44,1
DA:50,1
DA:51,1
DA:53,1
DA:54,1
DA:57,1
DA:58,1
DA:64,1
DA:65,1
DA:67,1
DA:68,1
DA:71,1
DA:72,1
DA:73,1
DA:78,1
DA:80,1
DA:81,1
DA:86,1
LF:40
LH:40
BRF:0
BRH:0
end_of_record
TN:
SF:tests/src/controller/users.js
FN:6,(anonymous_0)
FN:13,(anonymous_1)
FN:14,(anonymous_2)
FN:17,(anonymous_3)
FN:33,(anonymous_4)
FN:49,(anonymous_5)
FN:66,(anonymous_6)
FN:81,(anonymous_7)
FN:82,(anonymous_8)
FN:85,(anonymous_9)
FN:100,(anonymous_10)
FN:115,(anonymous_11)
FNF:12
FNH:12
FNDA:7,(anonymous_0)
FNDA:1,(anonymous_1)
FNDA:1,(anonymous_2)
FNDA:1,(anonymous_3)
FNDA:1,(anonymous_4)
FNDA:1,(anonymous_5)
FNDA:1,(anonymous_6)
FNDA:1,(anonymous_7)
FNDA:1,(anonymous_8)
FNDA:1,(anonymous_9)
FNDA:1,(anonymous_10)
FNDA:1,(anonymous_11)
DA:2,1
DA:4,1
DA:6,1
DA:7,7
DA:8,7
DA:9,7
DA:10,7
DA:13,1
DA:14,1
DA:15,1
DA:17,1
DA:18,1
DA:26,1
DA:28,1
DA:29,1
DA:30,1
DA:33,1
DA:34,1
DA:42,1
DA:44,1
DA:45,1
DA:46,1
DA:49,1
DA:50,1
DA:59,1
DA:60,1
DA:62,1
DA:63,1
DA:66,1
DA:67,1
DA:68,1
DA:73,1
DA:75,1
DA:76,1
DA:81,1
DA:82,1
DA:83,1
DA:85,1
DA:86,1
DA:92,1
DA:95,1
DA:96,1
DA:97,1
DA:100,1
DA:101,1
DA:107,1
DA:108,1
DA:110,1
DA:111,1
DA:115,1
DA:116,1
DA:117,1
DA:123,1
DA:125,1
DA:126,1
DA:131,1
LF:56
LH:56
BRF:0
BRH:0
end_of_record
