TN:
SF:config/testDb.js
FN:15,(anonymous_0)
FN:22,(anonymous_1)
FN:30,(anonymous_2)
FN:36,(anonymous_3)
FNF:4
FNH:3
FNDA:1,(anonymous_0)
FNDA:1,(anonymous_1)
FNDA:1,(anonymous_2)
FNDA:0,(anonymous_3)
DA:1,1
DA:2,1
DA:9,1
DA:15,1
DA:17,1
DA:19,1
DA:21,1
DA:22,1
DA:23,1
DA:24,0
DA:30,1
DA:31,1
DA:32,1
DA:36,1
DA:37,0
DA:39,0
DA:40,0
DA:44,1
LF:18
LH:14
BRDA:23,0,0,0
BRDA:23,0,1,1
BRF:2
BRH:1
end_of_record
TN:
SF:controllers/users.js
FN:7,(anonymous_0)
FN:15,(anonymous_1)
FN:59,(anonymous_2)
FNF:3
FNH:3
FNDA:2,(anonymous_0)
FNDA:4,(anonymous_1)
FNDA:1,(anonymous_2)
DA:1,1
DA:2,1
DA:3,1
DA:4,1
DA:5,1
DA:7,1
DA:12,2
DA:15,1
DA:17,4
DA:18,4
DA:19,1
DA:22,3
DA:24,3
DA:25,3
DA:27,3
DA:28,1
DA:33,2
DA:40,2
DA:42,2
DA:44,2
DA:46,1
DA:52,1
DA:53,1
DA:55,1
DA:59,1
DA:60,1
DA:61,1
DA:62,0
DA:65,1
DA:67,1
DA:68,1
DA:70,1
DA:71,0
DA:76,1
DA:78,1
DA:79,0
DA:84,1
DA:91,1
DA:92,1
DA:94,0
DA:95,0
DA:99,1
LF:42
LH:37
BRDA:9,0,0,2
BRDA:10,1,0,2
BRDA:18,2,0,1
BRDA:18,2,1,3
BRDA:27,3,0,1
BRDA:27,3,1,2
BRDA:61,4,0,0
BRDA:61,4,1,1
BRDA:70,5,0,0
BRDA:70,5,1,1
BRDA:78,6,0,0
BRDA:78,6,1,1
BRF:12
BRH:9
end_of_record
TN:
SF:models/Users.js
FNF:0
FNH:0
DA:1,1
DA:2,1
DA:27,1
DA:29,1
LF:4
LH:4
BRF:0
BRH:0
end_of_record
TN:
SF:tests/demo.js
FN:1,sum
FNF:1
FNH:1
FNDA:1,sum
DA:2,1
DA:4,1
LF:2
LH:2
BRF:0
BRH:0
end_of_record
TN:
SF:tests/src/controller/users.js
FN:6,(anonymous_0)
FN:15,(anonymous_1)
FN:15,(anonymous_2)
FN:18,(anonymous_3)
FN:34,(anonymous_4)
FN:50,(anonymous_5)
FN:61,(anonymous_6)
FN:81,(anonymous_7)
FN:81,(anonymous_8)
FN:84,(anonymous_9)
FNF:10
FNH:10
FNDA:5,(anonymous_0)
FNDA:1,(anonymous_1)
FNDA:1,(anonymous_2)
FNDA:1,(anonymous_3)
FNDA:1,(anonymous_4)
FNDA:1,(anonymous_5)
FNDA:1,(anonymous_6)
FNDA:1,(anonymous_7)
FNDA:1,(anonymous_8)
FNDA:1,(anonymous_9)
DA:3,1
DA:6,1
DA:7,5
DA:8,5
DA:9,5
DA:10,5
DA:15,1
DA:16,1
DA:18,1
DA:19,1
DA:27,1
DA:29,1
DA:30,1
DA:31,1
DA:34,1
DA:35,1
DA:43,1
DA:45,1
DA:46,1
DA:47,1
DA:50,1
DA:51,1
DA:52,1
DA:56,1
DA:57,1
DA:58,1
DA:61,1
DA:62,1
DA:70,1
DA:72,1
DA:73,1
DA:74,1
DA:81,1
DA:82,1
DA:84,1
DA:85,1
DA:91,1
DA:93,1
DA:94,1
DA:95,1
DA:101,1
LF:41
LH:41
BRF:0
BRH:0
end_of_record
